2021/07/15 20:08:36 ======================================================================
2021/07/15 20:08:36 starting EN_Servce service
2021/07/15 20:08:41 Количество файлов - 15 Обрабатываем - 15
2021/07/15 20:08:41 Обработка 20210707 150908 203851103 ЕВРОПА16 Почта.txt
2021/07/15 20:08:41 ВРЕМЯ_ДОКУМЕНТА=15:08:05
2021/07/15 20:08:41 ПриходнаяНакладная от 07.07.21 № ПН1-008010 из магазина европа 16
2021/07/15 20:08:42 Обработка 20210707 150909 203851390 ЕВРОПА16 Почта.txt
2021/07/15 20:08:42 Закрытие заказов по приходу от 2021-07-07T00:00:00.000 № ПН1-008010 по магазину европа 16
2021/07/15 20:08:42 Обработка 20210707 150909 203851519 ЕВРОПА16 Почта.txt
2021/07/15 20:08:42 Обработка 20210707 150909 203851532 ЕВРОПА16 Почта.txt
2021/07/15 20:08:42 Обработка 20210707 150928 54676162 ЕВРОПА46 Почта.txt
2021/07/15 20:08:42 Обработка 20210707 150930 119532968 ЕВРОПА33 Почта.txt
2021/07/15 20:08:42 Обработка 20210707 150932 1106207249 ЕВРОПА47 Почта.txt
2021/07/15 20:08:42 ВРЕМЯ_ДОКУМЕНТА=15:10:56
2021/07/15 20:08:42 Обработка 20210707 150933 714177044 ЕВРОПА44 Почта.txt
2021/07/15 20:08:42 ВРЕМЯ_ДОКУМЕНТА=15:09:23
2021/07/15 20:08:42 ПриходнаяНакладная от 07.07.21 № ПН1-010862 из магазина европа 44 (БЕЛГОРОД)
2021/07/15 20:08:42 Обработка 20210707 150933 714177214 ЕВРОПА44 Почта.txt
2021/07/15 20:08:42 Обработка 20210707 150934 550941028 ЕВРОПА04 Почта.txt
2021/07/15 20:08:42 ВРЕМЯ_ДОКУМЕНТА=15:08:29
2021/07/15 20:08:42 (DEL) Приходная накладная от № 3|3|ПН1-008475|07.07.21  из магазина европа 04 (прод)
2021/07/15 20:08:42 УДАЛИЛИ!
2021/07/15 20:08:42 Обработка 20210707 150934 550941036 ЕВРОПА04 Почта.txt
2021/07/15 20:08:42 Обработка 20210707 150937 795574 ЕВРОПА23 Почта.txt
2021/07/15 20:08:42 ВРЕМЯ_ДОКУМЕНТА=15:09:06
2021/07/15 20:08:42 (DEL) Приходная накладная от № 18|18|ПН1-011957|07.07.21  из магазина европа 23 (воронеж)
2021/07/15 20:08:42 УДАЛИЛИ!
2021/07/15 20:08:42 Обработка 20210707 150937 795591 ЕВРОПА23 Почта.txt
2021/07/15 20:08:42 Обработка 20210707 150958 119560859 ЕВРОПА33 Почта.txt
2021/07/15 20:08:42 ВРЕМЯ_ДОКУМЕНТА=15:09:52
2021/07/15 20:08:42 (DEL) Приходная накладная от № 85|85|ПН1-011882|07.07.21  из магазина европа 33 (ТАМБОВ)
2021/07/15 20:08:42 УДАЛИЛИ!
2021/07/15 20:08:42 Обработка 20210707 150958 119560869 ЕВРОПА33 Почта.txt
2021/07/15 20:09:21 EN_Servce service stopped
2021/07/15 20:12:47 ======================================================================
2021/07/15 20:12:47 starting EN_Servce service
2021/07/15 20:13:12 Количество файлов - 15 Обрабатываем - 15
2021/07/15 20:13:12 Обработка 20210707 150908 203851103 ЕВРОПА16 Почта.txt
2021/07/15 20:13:12 ВРЕМЯ_ДОКУМЕНТА=15:08:05
2021/07/15 20:13:12 ПриходнаяНакладная от 07.07.21 № ПН1-008010 из магазина европа 16
2021/07/15 20:13:12 Обработка 20210707 150909 203851390 ЕВРОПА16 Почта.txt
2021/07/15 20:13:13 Закрытие заказов по приходу от 2021-07-07T00:00:00.000 № ПН1-008010 по магазину европа 16
2021/07/15 20:13:13 Обработка 20210707 150909 203851519 ЕВРОПА16 Почта.txt
2021/07/15 20:13:13 Обработка 20210707 150909 203851532 ЕВРОПА16 Почта.txt
2021/07/15 20:13:13 Обработка 20210707 150928 54676162 ЕВРОПА46 Почта.txt
2021/07/15 20:13:13 Обработка 20210707 150930 119532968 ЕВРОПА33 Почта.txt
2021/07/15 20:13:13 Обработка 20210707 150932 1106207249 ЕВРОПА47 Почта.txt
2021/07/15 20:13:13 ВРЕМЯ_ДОКУМЕНТА=15:10:56
2021/07/15 20:13:13 Обработка 20210707 150933 714177044 ЕВРОПА44 Почта.txt
2021/07/15 20:13:13 ВРЕМЯ_ДОКУМЕНТА=15:09:23
2021/07/15 20:13:13 ПриходнаяНакладная от 07.07.21 № ПН1-010862 из магазина европа 44 (БЕЛГОРОД)
2021/07/15 20:13:13 Обработка 20210707 150933 714177214 ЕВРОПА44 Почта.txt
2021/07/15 20:13:13 Обработка 20210707 150934 550941028 ЕВРОПА04 Почта.txt
2021/07/15 20:13:13 ВРЕМЯ_ДОКУМЕНТА=15:08:29
2021/07/15 20:13:13 (DEL) Приходная накладная от № 3|3|ПН1-008475|07.07.21  из магазина европа 04 (прод)
2021/07/15 20:13:13 УДАЛИЛИ!
2021/07/15 20:13:13 Обработка 20210707 150934 550941036 ЕВРОПА04 Почта.txt
2021/07/15 20:13:13 Обработка 20210707 150937 795574 ЕВРОПА23 Почта.txt
2021/07/15 20:13:13 ВРЕМЯ_ДОКУМЕНТА=15:09:06
2021/07/15 20:13:13 (DEL) Приходная накладная от № 18|18|ПН1-011957|07.07.21  из магазина европа 23 (воронеж)
2021/07/15 20:13:13 УДАЛИЛИ!
2021/07/15 20:13:13 Обработка 20210707 150937 795591 ЕВРОПА23 Почта.txt
2021/07/15 20:13:13 Обработка 20210707 150958 119560859 ЕВРОПА33 Почта.txt
2021/07/15 20:13:13 ВРЕМЯ_ДОКУМЕНТА=15:09:52
2021/07/15 20:13:13 (DEL) Приходная накладная от № 85|85|ПН1-011882|07.07.21  из магазина европа 33 (ТАМБОВ)
2021/07/15 20:13:13 УДАЛИЛИ!
2021/07/15 20:13:13 Обработка 20210707 150958 119560869 ЕВРОПА33 Почта.txt
2021/07/15 20:21:32 ======================================================================
2021/07/15 20:21:32 starting EN_Servce service
2021/07/15 20:21:45 EN_Servce service stopped
